<?xml version="1.0" encoding="UTF-8"?>
<!-- Generated by org.testng.reporters.JUnitXMLReporter -->
<testsuite ignored="0" hostname="DESKTOP-38VAAMB" failures="0" tests="6" name="Class" time="0.227" errors="0" timestamp="2024-01-23T13:19:49 IST">
  <testcase classname="practicePOM.Demo" name="demo" time="0.02"/>
  <testcase classname="practicePOM.Demo" name="demo1" time="0.006"/>
  <testcase classname="practicePOM.Demo" name="demo2" time="0.014"/>
  <testcase classname="practicePOM.Practice" name="practice" time="0.006"/>
  <testcase classname="practicePOM.Practice" name="practice1" time="0.006"/>
  <testcase classname="practicePOM.Practice" name="practice2" time="0.006"/>
</testsuite> <!-- Class -->
