<?xml version="1.0" encoding="UTF-8"?>
<!-- Generated by org.testng.reporters.JUnitXMLReporter -->
<testsuite ignored="4" hostname="DESKTOP-38VAAMB" failures="0" tests="4" name="Method" time="0.213" errors="0" timestamp="2024-01-23T15:01:31 IST">
  <testcase classname="practicePOM.Demo" name="demo" time="0.019"/>
  <testcase classname="practicePOM.Demo" name="seconddemo" time="0.018"/>
  <testcase classname="practicePOM.Practice" name="practice" time="0.011"/>
  <testcase classname="practicePOM.Practice" name="Secondpractice" time="0.01"/>
  <testcase classname="practicePOM.BaseClass" name="@BeforeSuite config_suite" time="0.0">
    <ignored/>
  </testcase> <!-- @BeforeSuite config_suite -->
  <testcase classname="practicePOM.BaseClass" name="@AfterTest config_Aftertest" time="0.0">
    <ignored/>
  </testcase> <!-- @AfterTest config_Aftertest -->
  <testcase classname="practicePOM.BaseClass" name="@BeforeTest config_test" time="0.0">
    <ignored/>
  </testcase> <!-- @BeforeTest config_test -->
  <testcase classname="practicePOM.BaseClass" name="@AfterSuite config_aftersuite" time="0.0">
    <ignored/>
  </testcase> <!-- @AfterSuite config_aftersuite -->
</testsuite> <!-- Method -->
